<?xml version="1.0" encoding="UTF-8"?>
<testng-results skipped="0" failed="0" total="1" passed="1">
  <reporter-output>
    <line>
      <![CDATA[@@lt@@li^^greaterThan^^@@lt@@font color='#FFFF00'^^greaterThan^^no valid config.ini file for this application@@lt@@/font^^greaterThan^^@@lt@@/li^^greaterThan^^]]>
    </line>
    <line>
      <![CDATA[@@lt@@li^^greaterThan^^ Launch application@@lt@@/li^^greaterThan^^]]>
    </line>
    <line>
      <![CDATA[Output: Qwant (@@lt@@a href='https://www.qwant.com/' target=url^^greaterThan^^Application URL@@lt@@/a^^greaterThan^^ | @@lt@@a href='Qwant Essai Suite/htmls/87a0fb6df4e8063608078521adbcbea1.html' target=html^^greaterThan^^Application HTML Source@@lt@@/a^^greaterThan^^ | @@lt@@a href='Qwant Essai Suite/screenshots/87a0fb6df4e8063608078521adbcbea1.png' class='lightbox'^^greaterThan^^Application Snapshot@@lt@@/a^^greaterThan^^)@@lt@@br/^^greaterThan^^]]>
    </line>
    <line>
      <![CDATA[@@lt@@li^^greaterThan^^ Enter data: "cacahuète" on textfieldelement @@lt@@a style="font-style:normal;color:#8C8984;text-decoration:none;" href=# "^^greaterThan^^search Text Box,: By.id: home__input@@lt@@/a^^greaterThan^^@@lt@@/li^^greaterThan^^]]>
    </line>
    <line>
      <![CDATA[@@lt@@li^^greaterThan^^ click on buttonelement @@lt@@a style="font-style:normal;color:#8C8984;text-decoration:none;" href=# "^^greaterThan^^search Button,: By.cssSelector: input.autocomplete__submit@@lt@@/a^^greaterThan^^@@lt@@/li^^greaterThan^^]]>
    </line>
    <line>
      <![CDATA[@@lt@@li^^greaterThan^^ click on linkelement @@lt@@a style="font-style:normal;color:#8C8984;text-decoration:none;" href=# "^^greaterThan^^first Result,: By.xpath: (//span[@class='result--web--title'])[2]@@lt@@/a^^greaterThan^^@@lt@@/li^^greaterThan^^]]>
    </line>
    <line>
      <![CDATA[@@lt@@li^^greaterThan^^ select new window@@lt@@/li^^greaterThan^^]]>
    </line>
    <line>
      <![CDATA[@@lt@@li^^greaterThan^^ click on linkelement @@lt@@a style="font-style:normal;color:#8C8984;text-decoration:none;" href=# "^^greaterThan^^keyWord Link,: By.linkText: graine@@lt@@/a^^greaterThan^^@@lt@@/li^^greaterThan^^]]>
    </line>
    <line>
      <![CDATA[quiting webdriver11]]>
    </line>
  </reporter-output>
  <suite name="Qwant Essai Suite" duration-ms="33151" started-at="2016-05-18T15:42:57Z" finished-at="2016-05-18T15:43:30Z">
    <groups>
      <group name="cucumber">
        <method signature="CucumberRunner.feature(com.seleniumtests.core.runner.CucumberScenarioWrapper)[pri:0, instance:com.seleniumtests.core.runner.CucumberRunner@2d8f65a4]" name="feature" class="com.seleniumtests.core.runner.CucumberRunner"/>
      </group> <!-- cucumber -->
    </groups>
    <test name="testUn" duration-ms="33151" started-at="2016-05-18T15:42:57Z" finished-at="2016-05-18T15:43:30Z">
      <class name="com.seleniumtests.core.runner.CucumberRunner">
        <test-method status="PASS" signature="beforeTestSuite(org.testng.ITestContext)[pri:0, instance:com.seleniumtests.core.runner.CucumberRunner@2d8f65a4]" name="beforeTestSuite" is-config="true" duration-ms="12" started-at="2016-05-18T17:42:57Z" finished-at="2016-05-18T17:42:57Z">
          <params>
            <param index="0">
              <value>
                <![CDATA[org.testng.TestRunner@626abbd0]]>
              </value>
            </param>
          </params>
          <reporter-output>
          </reporter-output>
        </test-method> <!-- beforeTestSuite -->
        <test-method status="PASS" signature="beforeTest(org.testng.ITestContext, org.testng.xml.XmlTest)[pri:0, instance:com.seleniumtests.core.runner.CucumberRunner@2d8f65a4]" name="beforeTest" is-config="true" duration-ms="611" started-at="2016-05-18T17:42:57Z" finished-at="2016-05-18T17:42:58Z">
          <params>
            <param index="0">
              <value>
                <![CDATA[org.testng.TestRunner@626abbd0]]>
              </value>
            </param>
            <param index="1">
              <value>
                <![CDATA[[Test: "testUn" verbose:1[parameters:variables=>{'text':'cacahuète'}testType=>WebcucumberTests=>QwantcucumberTags=>][metagroups:] [included: ][excluded: ]  classes:[XmlClass class=com.seleniumtests.core.runner.CucumberRunner] [XmlClass class=com.seleniumtests.core.runner.CucumberScenarioWrapper] [XmlClass class=com.seleniumtests.core.runner.CustomTestNGCucumberRunner]  packages:org.testng.xml.XmlPackage@fab30761 ] ]]>
              </value>
            </param>
          </params>
          <reporter-output>
            <line>
              <![CDATA[@@lt@@li^^greaterThan^^@@lt@@font color='#FFFF00'^^greaterThan^^no valid config.ini file for this application@@lt@@/font^^greaterThan^^@@lt@@/li^^greaterThan^^]]>
            </line>
          </reporter-output>
        </test-method> <!-- beforeTest -->
        <test-method status="PASS" signature="beforeTestMethod([Ljava.lang.Object;, java.lang.reflect.Method, org.testng.ITestContext, org.testng.xml.XmlTest)[pri:0, instance:com.seleniumtests.core.runner.CucumberRunner@2d8f65a4]" name="beforeTestMethod" is-config="true" duration-ms="4" started-at="2016-05-18T17:42:58Z" finished-at="2016-05-18T17:42:58Z">
          <params>
            <param index="0">
              <value>
                <![CDATA[[Ljava.lang.Object;@169bb4dd]]>
              </value>
            </param>
            <param index="1">
              <value>
                <![CDATA[public void com.seleniumtests.core.runner.CucumberRunner.feature(com.seleniumtests.core.runner.CucumberScenarioWrapper) throws java.lang.NoSuchFieldException,java.lang.SecurityException,java.lang.IllegalArgumentException,java.lang.IllegalAccessException]]>
              </value>
            </param>
            <param index="2">
              <value>
                <![CDATA[org.testng.TestRunner@626abbd0]]>
              </value>
            </param>
            <param index="3">
              <value>
                <![CDATA[[Test: "testUn" verbose:1[parameters:variables=>{'text':'cacahuète'}testType=>WebcucumberTests=>QwantcucumberTags=>][metagroups:] [included: ][excluded: ]  classes:[XmlClass class=com.seleniumtests.core.runner.CucumberRunner] [XmlClass class=com.seleniumtests.core.runner.CucumberScenarioWrapper] [XmlClass class=com.seleniumtests.core.runner.CustomTestNGCucumberRunner]  packages:org.testng.xml.XmlPackage@fab30761 ] ]]>
              </value>
            </param>
          </params>
          <reporter-output>
          </reporter-output>
        </test-method> <!-- beforeTestMethod -->
        <test-method status="PASS" signature="feature(com.seleniumtests.core.runner.CucumberScenarioWrapper)[pri:0, instance:com.seleniumtests.core.runner.CucumberRunner@2d8f65a4]" name="feature" duration-ms="31894" started-at="2016-05-18T17:42:58Z" description="Cucumber scenario" data-provider="scenarios" finished-at="2016-05-18T17:43:30Z">
          <params>
            <param index="0">
              <value>
                <![CDATA[qwant]]>
              </value>
            </param>
          </params>
          <reporter-output>
            <line>
              <![CDATA[@@lt@@li^^greaterThan^^ Launch application@@lt@@/li^^greaterThan^^]]>
            </line>
            <line>
              <![CDATA[Output: Qwant (@@lt@@a href='https://www.qwant.com/' target=url^^greaterThan^^Application URL@@lt@@/a^^greaterThan^^ | @@lt@@a href='Qwant Essai Suite/htmls/87a0fb6df4e8063608078521adbcbea1.html' target=html^^greaterThan^^Application HTML Source@@lt@@/a^^greaterThan^^ | @@lt@@a href='Qwant Essai Suite/screenshots/87a0fb6df4e8063608078521adbcbea1.png' class='lightbox'^^greaterThan^^Application Snapshot@@lt@@/a^^greaterThan^^)@@lt@@br/^^greaterThan^^]]>
            </line>
            <line>
              <![CDATA[@@lt@@li^^greaterThan^^ Enter data: "cacahuète" on textfieldelement @@lt@@a style="font-style:normal;color:#8C8984;text-decoration:none;" href=# "^^greaterThan^^search Text Box,: By.id: home__input@@lt@@/a^^greaterThan^^@@lt@@/li^^greaterThan^^]]>
            </line>
            <line>
              <![CDATA[@@lt@@li^^greaterThan^^ click on buttonelement @@lt@@a style="font-style:normal;color:#8C8984;text-decoration:none;" href=# "^^greaterThan^^search Button,: By.cssSelector: input.autocomplete__submit@@lt@@/a^^greaterThan^^@@lt@@/li^^greaterThan^^]]>
            </line>
            <line>
              <![CDATA[@@lt@@li^^greaterThan^^ click on linkelement @@lt@@a style="font-style:normal;color:#8C8984;text-decoration:none;" href=# "^^greaterThan^^first Result,: By.xpath: (//span[@class='result--web--title'])[2]@@lt@@/a^^greaterThan^^@@lt@@/li^^greaterThan^^]]>
            </line>
            <line>
              <![CDATA[@@lt@@li^^greaterThan^^ select new window@@lt@@/li^^greaterThan^^]]>
            </line>
            <line>
              <![CDATA[@@lt@@li^^greaterThan^^ click on linkelement @@lt@@a style="font-style:normal;color:#8C8984;text-decoration:none;" href=# "^^greaterThan^^keyWord Link,: By.linkText: graine@@lt@@/a^^greaterThan^^@@lt@@/li^^greaterThan^^]]>
            </line>
          </reporter-output>
        </test-method> <!-- feature -->
        <test-method status="PASS" signature="afterTestMethod([Ljava.lang.Object;, java.lang.reflect.Method, org.testng.ITestContext, org.testng.xml.XmlTest)[pri:0, instance:com.seleniumtests.core.runner.CucumberRunner@2d8f65a4]" name="afterTestMethod" is-config="true" duration-ms="617" started-at="2016-05-18T17:43:30Z" finished-at="2016-05-18T17:43:30Z">
          <params>
            <param index="0">
              <value>
                <![CDATA[[Ljava.lang.Object;@169bb4dd]]>
              </value>
            </param>
            <param index="1">
              <value>
                <![CDATA[public void com.seleniumtests.core.runner.CucumberRunner.feature(com.seleniumtests.core.runner.CucumberScenarioWrapper) throws java.lang.NoSuchFieldException,java.lang.SecurityException,java.lang.IllegalArgumentException,java.lang.IllegalAccessException]]>
              </value>
            </param>
            <param index="2">
              <value>
                <![CDATA[org.testng.TestRunner@626abbd0]]>
              </value>
            </param>
            <param index="3">
              <value>
                <![CDATA[[Test: "testUn" verbose:1[parameters:variables=>{'text':'cacahuète'}testType=>WebcucumberTests=>QwantcucumberTags=>][metagroups:] [included: ][excluded: ]  classes:[XmlClass class=com.seleniumtests.core.runner.CucumberRunner] [XmlClass class=com.seleniumtests.core.runner.CucumberScenarioWrapper] [XmlClass class=com.seleniumtests.core.runner.CustomTestNGCucumberRunner]  packages:org.testng.xml.XmlPackage@fab30761 ] ]]>
              </value>
            </param>
          </params>
          <reporter-output>
            <line>
              <![CDATA[quiting webdriver11]]>
            </line>
          </reporter-output>
        </test-method> <!-- afterTestMethod -->
        <test-method status="PASS" signature="tearDown()[pri:0, instance:com.seleniumtests.core.runner.CucumberRunner@2d8f65a4]" name="tearDown" is-config="true" duration-ms="2" started-at="2016-05-18T17:43:30Z" finished-at="2016-05-18T17:43:30Z">
          <reporter-output>
          </reporter-output>
        </test-method> <!-- tearDown -->
        <test-method status="PASS" signature="afterTestSuite()[pri:0, instance:com.seleniumtests.core.runner.CucumberRunner@2d8f65a4]" name="afterTestSuite" is-config="true" duration-ms="0" started-at="2016-05-18T17:43:30Z" finished-at="2016-05-18T17:43:30Z">
          <reporter-output>
          </reporter-output>
        </test-method> <!-- afterTestSuite -->
      </class> <!-- com.seleniumtests.core.runner.CucumberRunner -->
    </test> <!-- testUn -->
  </suite> <!-- Qwant Essai Suite -->
</testng-results>
